<?xml version="1.0" encoding="UTF-8"?>
<!-- Generated by org.testng.reporters.JUnitReportReporter -->
<testsuite hostname="LAPTOP-B7D7A074" failures="0" tests="2" name="com.mytest.HomePageTest" time="0.524" errors="0" timestamp="27 Jan 2021 02:08:09 GMT" skipped="0">
  <testcase classname="com.mytest.HomePageTest" name="crmHomePageTest" time="0.330"/>
  <testcase classname="com.mytest.HomePageTest" name="crmHomePageTest1" time="0.194"/>
</testsuite> <!-- com.mytest.HomePageTest -->
