<?xml version="1.0" encoding="UTF-8"?>
<!-- Generated by org.testng.reporters.JUnitReportReporter -->
<testsuite hostname="LAPTOP-B7D7A074" failures="0" tests="3" name="TestngSessions.DependsOnMethodsConcept" time="0.066" errors="0" timestamp="21 Jan 2021 19:06:27 GMT" skipped="0">
  <testcase classname="TestngSessions.DependsOnMethodsConcept" name="loginTest" time="0.062"/>
  <testcase classname="TestngSessions.DependsOnMethodsConcept" name="homePageTest" time="0.002"/>
  <testcase classname="TestngSessions.DependsOnMethodsConcept" name="dealsPageTest" time="0.002"/>
</testsuite> <!-- TestngSessions.DependsOnMethodsConcept -->
