<?xml version="1.0" encoding="UTF-8"?>
<!-- Generated by org.testng.reporters.JUnitReportReporter -->
<testsuite hostname="DESKTOP-ERMO56R" failures="0" tests="1" name="com.qa.wildcart.test.RegistrationPageTest" time="1.420" errors="0" timestamp="29 Dec 2020 03:36:11 GMT" skipped="0">
  <testcase classname="com.qa.wildcart.test.RegistrationPageTest" name="userRegistrationTest" time="1.420"/>
</testsuite> <!-- com.qa.wildcart.test.RegistrationPageTest -->
