<?xml version="1.0" encoding="UTF-8"?>
<!-- Generated by org.testng.reporters.JUnitReportReporter -->
<testsuite hostname="DESKTOP-ERMO56R" failures="0" tests="10" name="TestngSessions.InvocationCountConcept" time="0.196" errors="0" timestamp="12 Jan 2021 01:10:20 GMT" skipped="0">
  <testcase classname="TestngSessions.InvocationCountConcept" name="createUserTest" time="0.006"/>
  <testcase classname="TestngSessions.InvocationCountConcept" name="createUserTest" time="0.007"/>
  <testcase classname="TestngSessions.InvocationCountConcept" name="createUserTest" time="0.008"/>
  <testcase classname="TestngSessions.InvocationCountConcept" name="createUserTest" time="0.004"/>
  <testcase classname="TestngSessions.InvocationCountConcept" name="createUserTest" time="0.005"/>
  <testcase classname="TestngSessions.InvocationCountConcept" name="createUserTest" time="0.009"/>
  <testcase classname="TestngSessions.InvocationCountConcept" name="createUserTest" time="0.006"/>
  <testcase classname="TestngSessions.InvocationCountConcept" name="createUserTest" time="0.004"/>
  <testcase classname="TestngSessions.InvocationCountConcept" name="createUserTest" time="0.142"/>
  <testcase classname="TestngSessions.InvocationCountConcept" name="createUserTest" time="0.005"/>
</testsuite> <!-- TestngSessions.InvocationCountConcept -->
