<?xml version="1.0" encoding="UTF-8"?>
<!-- Generated by org.testng.reporters.JUnitReportReporter -->
<testsuite hostname="DESKTOP-ERMO56R" failures="0" tests="3" name="com.qa.wildcart.test.LoginPageTest" time="2.450" errors="0" timestamp="11 Jan 2021 23:30:51 GMT" skipped="0">
  <testcase classname="com.qa.wildcart.test.LoginPageTest" name="verifySignUpLinkTest" time="0.527"/>
  <testcase classname="com.qa.wildcart.test.LoginPageTest" name="verifyPageTitle" time="0.013"/>
  <testcase classname="com.qa.wildcart.test.LoginPageTest" name="loginTest" time="1.910"/>
</testsuite> <!-- com.qa.wildcart.test.LoginPageTest -->
