<?xml version="1.0" encoding="UTF-8"?>
<!-- Generated by org.testng.reporters.JUnitReportReporter -->
<testsuite hostname="DESKTOP-ERMO56R" failures="0" tests="1" name="com.qa.wildcart.test.MyTest" time="0.167" errors="0" timestamp="05 Jan 2021 03:36:28 GMT" skipped="0">
  <testcase classname="com.qa.wildcart.test.MyTest" name="verifyAllAccountOptions" time="0.167"/>
</testsuite> <!-- com.qa.wildcart.test.MyTest -->
