<?xml version="1.0" encoding="UTF-8"?>
<!-- Generated by org.testng.reporters.JUnitReportReporter -->
<testsuite hostname="LAPTOP-B7D7A074" failures="0" tests="2" name="com.mytest.LoginPageTest" time="0.062" errors="0" timestamp="27 Jan 2021 03:08:11 GMT" skipped="0">
  <testcase classname="com.mytest.LoginPageTest" name="getCRMTitleTest1" time="0.006"/>
  <testcase classname="com.mytest.LoginPageTest" name="getCRMTitleTest" time="0.056"/>
</testsuite> <!-- com.mytest.LoginPageTest -->
