<?xml version="1.0" encoding="UTF-8"?>
<!-- Generated by org.testng.reporters.JUnitReportReporter -->
<testsuite hostname="DESKTOP-ERMO56R" failures="0" tests="1" name="TestngSessions.ExpectedExceptionConcept" time="0.128" errors="0" timestamp="12 Jan 2021 01:13:09 GMT" skipped="0">
  <testcase classname="TestngSessions.ExpectedExceptionConcept" name="getNumberTest" time="0.128"/>
</testsuite> <!-- TestngSessions.ExpectedExceptionConcept -->
