<?xml version="1.0" encoding="UTF-8"?>
<!-- Generated by org.testng.reporters.JUnitReportReporter -->
<testsuite hostname="DESKTOP-ERMO56R" failures="0" tests="6" name="TestngSessions.PriorityUseCases" time="0.060" errors="0" timestamp="12 Jan 2021 01:05:11 GMT" skipped="1">
  <testcase classname="TestngSessions.PriorityUseCases" name="ctest3" time="0.003"/>
  <testcase classname="TestngSessions.PriorityUseCases" name="btest1" time="0.015"/>
  <testcase classname="TestngSessions.PriorityUseCases" name="atest2" time="0.035"/>
  <testcase classname="TestngSessions.PriorityUseCases" name="test5" time="0.004"/>
  <testcase classname="TestngSessions.PriorityUseCases" name="test6" time="0.003"/>
  <testcase classname="TestngSessions.PriorityUseCases" name="test4">
    <skipped/>
  </testcase> <!-- test4 -->
</testsuite> <!-- TestngSessions.PriorityUseCases -->
