<?xml version="1.0" encoding="UTF-8"?>
<!-- Generated by org.testng.reporters.JUnitReportReporter -->
<testsuite hostname="DESKTOP-ERMO56R" failures="0" tests="2" name="TestngSessions.TestNgAnnotations" time="0.094" errors="0" timestamp="12 Jan 2021 00:55:24 GMT" skipped="0">
  <testcase classname="TestngSessions.TestNgAnnotations" name="verifyUserNameTest" time="0.090"/>
  <testcase classname="TestngSessions.TestNgAnnotations" name="verifyUserAccountNameTest" time="0.004"/>
</testsuite> <!-- TestngSessions.TestNgAnnotations -->
